<?xml version="1.0" encoding="UTF-8"?>
<testng-results ignored="0" total="1" passed="1" failed="0" skipped="0">
  <reporter-output>
  </reporter-output>
  <suite started-at="2026-07-16T23:33:52 IST" name="Default suite" finished-at="2026-07-16T23:33:57 IST" duration-ms="5414">
    <groups>
    </groups>
    <test started-at="2026-07-16T23:33:52 IST" name="Default test" finished-at="2026-07-16T23:33:57 IST" duration-ms="5414">
      <class name="com.SeliniumWebDrivers.LocatoresDemo.IDNameXpath">
        <test-method signature="IDLovator()[pri:0, instance:com.SeliniumWebDrivers.LocatoresDemo.IDNameXpath@7a69b07]" started-at="2026-07-16T23:33:52 IST" name="IDLovator" finished-at="2026-07-16T23:33:57 IST" duration-ms="5346" status="PASS">
          <reporter-output>
          </reporter-output>
        </test-method> <!-- IDLovator -->
      </class> <!-- com.SeliniumWebDrivers.LocatoresDemo.IDNameXpath -->
    </test> <!-- Default test -->
  </suite> <!-- Default suite -->
</testng-results>
