<?xml version="1.0" encoding="UTF-8"?>
<!-- Generated by org.testng.reporters.JUnitReportReporter -->
<testsuite hostname="Neerajsingh" failures="0" tests="3" name="com.SeliniumWebDrivers.LocatoresDemo.FindElementsByLinks" time="0.000" errors="0" timestamp="2026-07-21T10:25:18 IST" skipped="3">
  <testcase classname="com.SeliniumWebDrivers.LocatoresDemo.FindElementsByLinks" name="ChromeBrowserTest" time="0.000">
    <skipped/>
  </testcase> <!-- ChromeBrowserTest -->
  <testcase classname="com.SeliniumWebDrivers.LocatoresDemo.FindElementsByLinks" name="EdgeBrowserTest" time="0.000">
    <skipped/>
  </testcase> <!-- EdgeBrowserTest -->
  <testcase classname="com.SeliniumWebDrivers.LocatoresDemo.FindElementsByLinks" name="FirefoxBrowserTest" time="0.000">
    <skipped/>
  </testcase> <!-- FirefoxBrowserTest -->
</testsuite> <!-- com.SeliniumWebDrivers.LocatoresDemo.FindElementsByLinks -->
