<?xml version="1.0" encoding="UTF-8"?>
<!-- Generated by org.testng.reporters.JUnitReportReporter -->
<testsuite hostname="Neerajsingh" failures="0" tests="1" name="com.SeliniumWebDrivers.LocatoresDemo.ClassNameTestDemo" time="0.000" errors="0" timestamp="2026-07-21T10:25:18 IST" skipped="1">
  <testcase classname="com.SeliniumWebDrivers.LocatoresDemo.ClassNameTestDemo" name="TestDemo" time="0.000">
    <skipped/>
  </testcase> <!-- TestDemo -->
</testsuite> <!-- com.SeliniumWebDrivers.LocatoresDemo.ClassNameTestDemo -->
