<?xml version="1.0" encoding="UTF-8"?>
<testng-results ignored="3" total="4" passed="1" failed="0" skipped="0">
  <reporter-output>
  </reporter-output>
  <suite started-at="2026-07-16T23:38:50 IST" name="Default suite" finished-at="2026-07-16T23:39:18 IST" duration-ms="27507">
    <groups>
    </groups>
    <test started-at="2026-07-16T23:38:50 IST" name="Default test" finished-at="2026-07-16T23:39:18 IST" duration-ms="27507">
      <class name="com.NevigationMethod.NevigationMethod">
        <test-method signature="NavigateDemo()[pri:0, instance:com.NevigationMethod.NevigationMethod@21de60b4]" started-at="2026-07-16T23:38:50 IST" name="NavigateDemo" finished-at="2026-07-16T23:39:18 IST" duration-ms="27461" status="PASS">
          <reporter-output>
          </reporter-output>
        </test-method> <!-- NavigateDemo -->
      </class> <!-- com.NevigationMethod.NevigationMethod -->
    </test> <!-- Default test -->
  </suite> <!-- Default suite -->
</testng-results>
