<?xml version="1.0" encoding="UTF-8"?>
<testng-results ignored="0" total="1" passed="1" failed="0" skipped="0">
  <reporter-output>
  </reporter-output>
  <suite started-at="2026-07-29T14:29:15 IST" name="Default suite" finished-at="2026-07-29T14:29:37 IST" duration-ms="21811">
    <groups>
    </groups>
    <test started-at="2026-07-29T14:29:15 IST" name="Default test" finished-at="2026-07-29T14:29:37 IST" duration-ms="21811">
      <class name="com.Framework.Testcases.LoginPractiseExpandTest">
        <test-method is-config="true" signature="SetUp()[pri:0, instance:com.Framework.Testcases.LoginPractiseExpandTest@70ed52de]" started-at="2026-07-29T14:29:15 IST" name="SetUp" finished-at="2026-07-29T14:29:15 IST" duration-ms="19" status="PASS">
          <reporter-output>
          </reporter-output>
        </test-method> <!-- SetUp -->
        <test-method is-config="true" signature="BrowserTest()[pri:0, instance:com.Framework.Testcases.LoginPractiseExpandTest@70ed52de]" started-at="2026-07-29T14:29:15 IST" name="BrowserTest" finished-at="2026-07-29T14:29:17 IST" duration-ms="2094" status="PASS">
          <reporter-output>
          </reporter-output>
        </test-method> <!-- BrowserTest -->
        <test-method signature="SauceDemoTest()[pri:0, instance:com.Framework.Testcases.LoginPractiseExpandTest@70ed52de]" started-at="2026-07-29T14:29:17 IST" name="SauceDemoTest" finished-at="2026-07-29T14:29:37 IST" duration-ms="19299" status="PASS">
          <reporter-output>
          </reporter-output>
        </test-method> <!-- SauceDemoTest -->
        <test-method is-config="true" signature="tearDownMethod(org.testng.ITestResult)[pri:0, instance:com.Framework.Testcases.LoginPractiseExpandTest@70ed52de]" started-at="2026-07-29T14:29:37 IST" name="tearDownMethod" finished-at="2026-07-29T14:29:37 IST" duration-ms="4" status="PASS">
          <params>
            <param index="0">
              <value>
                <![CDATA[[TestResult name=SauceDemoTest status=SUCCESS method=LoginPractiseExpandTest.SauceDemoTest()[pri:0, instance:com.Framework.Testcases.LoginPractiseExpandTest@70ed52de] output={null}]]]>
              </value>
            </param>
          </params>
          <reporter-output>
          </reporter-output>
        </test-method> <!-- tearDownMethod -->
        <test-method is-config="true" signature="tearDown()[pri:0, instance:com.Framework.Testcases.LoginPractiseExpandTest@70ed52de]" started-at="2026-07-29T14:29:37 IST" name="tearDown" finished-at="2026-07-29T14:29:37 IST" duration-ms="187" status="PASS">
          <reporter-output>
          </reporter-output>
        </test-method> <!-- tearDown -->
      </class> <!-- com.Framework.Testcases.LoginPractiseExpandTest -->
    </test> <!-- Default test -->
  </suite> <!-- Default suite -->
</testng-results>
