<?xml version="1.0" encoding="UTF-8"?>
<testng-results ignored="0" total="1" passed="1" failed="0" skipped="0">
  <reporter-output>
  </reporter-output>
  <suite started-at="2026-07-29T03:15:20 IST" name="Default suite" finished-at="2026-07-29T03:15:38 IST" duration-ms="17538">
    <groups>
    </groups>
    <test started-at="2026-07-29T03:15:20 IST" name="Default test" finished-at="2026-07-29T03:15:38 IST" duration-ms="17538">
      <class name="com.Framework.Testcases.LoginPractiseExpandTest">
        <test-method is-config="true" signature="SetUp()[pri:0, instance:com.Framework.Testcases.LoginPractiseExpandTest@70ed52de]" started-at="2026-07-29T03:15:20 IST" name="SetUp" finished-at="2026-07-29T03:15:20 IST" duration-ms="22" status="PASS">
          <reporter-output>
          </reporter-output>
        </test-method> <!-- SetUp -->
        <test-method is-config="true" signature="BrowserTest()[pri:0, instance:com.Framework.Testcases.LoginPractiseExpandTest@70ed52de]" started-at="2026-07-29T03:15:20 IST" name="BrowserTest" finished-at="2026-07-29T03:15:22 IST" duration-ms="1401" status="PASS">
          <reporter-output>
          </reporter-output>
        </test-method> <!-- BrowserTest -->
        <test-method signature="LoginApp()[pri:0, instance:com.Framework.Testcases.LoginPractiseExpandTest@70ed52de]" started-at="2026-07-29T03:15:22 IST" name="LoginApp" finished-at="2026-07-29T03:15:37 IST" duration-ms="15611" status="PASS">
          <reporter-output>
          </reporter-output>
        </test-method> <!-- LoginApp -->
        <test-method is-config="true" signature="tearDownMethod(org.testng.ITestResult)[pri:0, instance:com.Framework.Testcases.LoginPractiseExpandTest@70ed52de]" started-at="2026-07-29T03:15:37 IST" name="tearDownMethod" finished-at="2026-07-29T03:15:37 IST" duration-ms="8" status="PASS">
          <params>
            <param index="0">
              <value>
                <![CDATA[[TestResult name=LoginApp status=SUCCESS method=LoginPractiseExpandTest.LoginApp()[pri:0, instance:com.Framework.Testcases.LoginPractiseExpandTest@70ed52de] output={null}]]]>
              </value>
            </param>
          </params>
          <reporter-output>
          </reporter-output>
        </test-method> <!-- tearDownMethod -->
        <test-method is-config="true" signature="tearDown()[pri:0, instance:com.Framework.Testcases.LoginPractiseExpandTest@70ed52de]" started-at="2026-07-29T03:15:38 IST" name="tearDown" finished-at="2026-07-29T03:15:38 IST" duration-ms="285" status="PASS">
          <reporter-output>
          </reporter-output>
        </test-method> <!-- tearDown -->
      </class> <!-- com.Framework.Testcases.LoginPractiseExpandTest -->
    </test> <!-- Default test -->
  </suite> <!-- Default suite -->
</testng-results>
