<?xml version="1.0" encoding="UTF-8"?>
<testng-results ignored="0" total="1" passed="1" failed="0" skipped="0">
  <reporter-output>
  </reporter-output>
  <suite started-at="2026-07-20T22:38:12 IST" name="Default suite" finished-at="2026-07-20T22:38:17 IST" duration-ms="4952">
    <groups>
    </groups>
    <test started-at="2026-07-20T22:38:12 IST" name="Default test" finished-at="2026-07-20T22:38:17 IST" duration-ms="4952">
      <class name="com.Easycalculation.Testcase.ExecuteLoginPage">
        <test-method signature="CheckValidUser()[pri:0, instance:com.Easycalculation.Testcase.ExecuteLoginPage@69e153c5]" started-at="2026-07-20T22:38:12 IST" name="CheckValidUser" finished-at="2026-07-20T22:38:17 IST" duration-ms="4724" status="PASS">
          <reporter-output>
          </reporter-output>
        </test-method> <!-- CheckValidUser -->
      </class> <!-- com.Easycalculation.Testcase.ExecuteLoginPage -->
    </test> <!-- Default test -->
  </suite> <!-- Default suite -->
</testng-results>
