<?xml version="1.0" encoding="UTF-8"?>
<!-- Generated by org.testng.reporters.JUnitXMLReporter -->
<testsuite ignored="0" hostname="Neerajsingh" failures="0" tests="7" name="Test" time="45.75" errors="0" timestamp="2026-07-21T10:25:18 IST">
  <testcase classname="com.SeliniumWebDrivers.LocatoresDemo.LinkTest" name="@BeforeTest setUp" time="8.435">
    <failure type="org.openqa.selenium.NoSuchWindowException" message="no such window: target window already closed
from unknown error: web view not found
  (Session info: chrome=150.0.7871.125)
Build info: version: &amp;apos;4.45.0&amp;apos;, revision: &amp;apos;cd6a3cd cd6a3cdfca6970f62e5bc8344109d0fe0e2af05e&amp;apos;
System info: os.name: &amp;apos;Windows 11&amp;apos;, os.arch: &amp;apos;amd64&amp;apos;, os.version: &amp;apos;10.0&amp;apos;, java.version: &amp;apos;25&amp;apos;
Driver info: org.openqa.selenium.chrome.ChromeDriver
Command: [fea29143d7889bf8f287301712d938a6, findElement {using=xpath, value=//*[@id=&amp;quot;onetrust-accept-btn-handler&amp;quot;]}]
Capabilities {acceptInsecureCerts: false, browserName: chrome, browserVersion: 150.0.7871.125, chrome: {chromedriverVersion: 150.0.7871.124 (9261fd0a595..., userDataDir: C:\Users\neera\AppData\Loca...}, fedcm:accounts: true, goog:chromeOptions: {debuggerAddress: localhost:60280}, goog:processID: 22720, networkConnectionEnabled: false, pageLoadStrategy: normal, platformName: windows, proxy: Proxy(), se:cdp: ws://localhost:60280/devtoo..., se:cdpVersion: 150.0.7871.125, setWindowRect: true, strictFileInteractability: false, timeouts: {implicit: 0, pageLoad: 300000, script: 30000}, unhandledPromptBehavior: dismiss and notify, webauthn:extension:credBlob: true, webauthn:extension:largeBlob: true, webauthn:extension:minPinLength: true, webauthn:extension:prf: true, webauthn:virtualAuthenticators: true}
Session ID: fea29143d7889bf8f287301712d938a6">
      <![CDATA[org.openqa.selenium.NoSuchWindowException: no such window: target window already closed
from unknown error: web view not found
  (Session info: chrome=150.0.7871.125)
Build info: version: '4.45.0', revision: 'cd6a3cd cd6a3cdfca6970f62e5bc8344109d0fe0e2af05e'
System info: os.name: 'Windows 11', os.arch: 'amd64', os.version: '10.0', java.version: '25'
Driver info: org.openqa.selenium.chrome.ChromeDriver
Command: [fea29143d7889bf8f287301712d938a6, findElement {using=xpath, value=//*[@id="onetrust-accept-btn-handler"]}]
Capabilities {acceptInsecureCerts: false, browserName: chrome, browserVersion: 150.0.7871.125, chrome: {chromedriverVersion: 150.0.7871.124 (9261fd0a595..., userDataDir: C:\Users\neera\AppData\Loca...}, fedcm:accounts: true, goog:chromeOptions: {debuggerAddress: localhost:60280}, goog:processID: 22720, networkConnectionEnabled: false, pageLoadStrategy: normal, platformName: windows, proxy: Proxy(), se:cdp: ws://localhost:60280/devtoo..., se:cdpVersion: 150.0.7871.125, setWindowRect: true, strictFileInteractability: false, timeouts: {implicit: 0, pageLoad: 300000, script: 30000}, unhandledPromptBehavior: dismiss and notify, webauthn:extension:credBlob: true, webauthn:extension:largeBlob: true, webauthn:extension:minPinLength: true, webauthn:extension:prf: true, webauthn:virtualAuthenticators: true}
Session ID: fea29143d7889bf8f287301712d938a6
at org.openqa.selenium.remote.ErrorCodec.decode(ErrorCodec.java:169)
at org.openqa.selenium.remote.codec.w3c.W3CHttpResponseCodec.decode(W3CHttpResponseCodec.java:143)
at org.openqa.selenium.remote.codec.w3c.W3CHttpResponseCodec.decode(W3CHttpResponseCodec.java:50)
at org.openqa.selenium.remote.HttpCommandExecutor.execute(HttpCommandExecutor.java:196)
at org.openqa.selenium.remote.service.DriverCommandExecutor.invokeExecute(DriverCommandExecutor.java:217)
at org.openqa.selenium.remote.service.DriverCommandExecutor.execute(DriverCommandExecutor.java:175)
at org.openqa.selenium.remote.RemoteWebDriver.execute(RemoteWebDriver.java:575)
at org.openqa.selenium.remote.ElementLocation$ElementFinder$2.findElement(ElementLocation.java:173)
at org.openqa.selenium.remote.ElementLocation.findElement(ElementLocation.java:60)
at org.openqa.selenium.remote.RemoteWebDriver.findElement(RemoteWebDriver.java:396)
at org.openqa.selenium.remote.RemoteWebDriver.findElement(RemoteWebDriver.java:390)
at com.SeliniumWebDrivers.LocatoresDemo.LinkTest.setUp(LinkTest.java:23)
... Removed 22 stack frames]]>
    </failure>
  </testcase> <!-- @BeforeTest setUp -->
  <testcase classname="DDT_CSV_FILE.CSV_File" name="@AfterMethod tearDown" time="0.0">
    <skipped/>
  </testcase> <!-- @AfterMethod tearDown -->
  <testcase classname="DDT_CSV_FILE.CSV_File" name="DDTTestingBlog" time="0.0">
    <skipped/>
  </testcase> <!-- DDTTestingBlog -->
  <testcase classname="com.SeliniumWebDrivers.LocatoresDemo.IDNameXpath" name="IDLovator" time="0.0">
    <skipped/>
  </testcase> <!-- IDLovator -->
  <testcase classname="com.SeliniumWebDrivers.LocatoresDemo.ClassNameTestDemo" name="TestDemo" time="0.0">
    <skipped/>
  </testcase> <!-- TestDemo -->
  <testcase classname="com.SeliniumWebDrivers.LocatoresDemo.FindElementsByLinks" name="ChromeBrowserTest" time="0.0">
    <skipped/>
  </testcase> <!-- ChromeBrowserTest -->
  <testcase classname="com.SeliniumWebDrivers.LocatoresDemo.FindElementsByLinks" name="EdgeBrowserTest" time="0.0">
    <skipped/>
  </testcase> <!-- EdgeBrowserTest -->
  <testcase classname="com.SeliniumWebDrivers.LocatoresDemo.FindElementsByLinks" name="FirefoxBrowserTest" time="0.0">
    <skipped/>
  </testcase> <!-- FirefoxBrowserTest -->
  <testcase classname="com.SeliniumWebDrivers.LocatoresDemo.LinkTest" name="linkTest" time="0.0">
    <skipped/>
  </testcase> <!-- linkTest -->
</testsuite> <!-- Test -->
