<?xml version="1.0" encoding="UTF-8"?>
<!-- Generated by org.testng.reporters.JUnitXMLReporter -->
<testsuite ignored="3" hostname="Neerajsingh" failures="0" tests="1" name="Default test" time="27.507" errors="0" timestamp="2026-07-16T23:39:18 IST">
  <testcase classname="com.NevigationMethod.NevigationMethod" name="NavigateDemo" time="27.461"/>
  <testcase classname="com.NevigationMethod.NevigationMethod" name="NavigateBackDemo" time="0.0">
    <ignored/>
  </testcase> <!-- NavigateBackDemo -->
  <testcase classname="com.NevigationMethod.NevigationMethod" name="RefreshMethod" time="0.0">
    <ignored/>
  </testcase> <!-- RefreshMethod -->
  <testcase classname="com.NevigationMethod.NevigationMethod" name="NavigateForward" time="0.0">
    <ignored/>
  </testcase> <!-- NavigateForward -->
</testsuite> <!-- Default test -->
